<?xml version="1.0" encoding="UTF-8"?>
<!-- Generated by org.testng.reporters.JUnitXMLReporter -->
<testsuite hostname="Shree-PC" ignored="1" name="Default test" tests="4" failures="0" timestamp="2022-01-21T13:16:51 IST" time="185.658" errors="0">
  <testcase name="companyName" time="7.3" classname="com.signup.SignUpTestCases"/>
  <testcase name="companyName" time="15.342" classname="com.signup.SignUpTestCases"/>
  <testcase name="companyName" time="12.931" classname="com.signup.SignUpTestCases"/>
  <testcase name="companyName" time="7.515" classname="com.signup.SignUpTestCases"/>
  <testcase name="fullName" time="0.0" classname="com.signup.SignUpTestCases">
    <ignored/>
  </testcase> <!-- fullName -->
</testsuite> <!-- Default test -->
